<?xml version="1.0" encoding="UTF-8"?>
<testsuite xmlns:xsi="http://www.w3.org/2001/XMLSchema-instance" xsi:noNamespaceSchemaLocation="https://maven.apache.org/surefire/maven-surefire-plugin/xsd/surefire-test-report.xsd" name="com.nirmata.workflow.WorkflowAppTest" time="4.845" tests="2" errors="2" skipped="0" failures="0">
  <properties>
[...]
</properties>
  <testcase name="com.nirmata.workflow.WorkflowAppTest" classname="com.nirmata.workflow.WorkflowAppTest" time="4.844">
    <error message="Operation: [create]  for kind: [CustomResourceDefinition]  with name: [workflowtasks.nirmata.com]  in namespace: [null]  failed." type="io.fabric8.kubernetes.client.KubernetesClientException">io.fabric8.kubernetes.client.KubernetesClientException: Operation: [create]  for kind: [CustomResourceDefinition]  with name: [workflowtasks.nirmata.com]  in namespace: [null]  failed.
	at com.nirmata.workflow.WorkflowAppTest.setup(WorkflowAppTest.java:41)
Caused by: java.net.ConnectException: Failed to connect to /127.0.0.1:60754
	at com.nirmata.workflow.WorkflowAppTest.setup(WorkflowAppTest.java:41)
Caused by: java.net.ConnectException: Connection refused: no further information
	at com.nirmata.workflow.WorkflowAppTest.setup(WorkflowAppTest.java:41)
</error>
    <system-out><![CDATA[13:19:11.015 [main] DEBUG io.fabric8.kubernetes.client.Config - Trying to configure client from Kubernetes config...
13:19:11.017 [main] DEBUG io.fabric8.kubernetes.client.Config - Found for Kubernetes config at: [C:\Users\jayim\.kube\config].
]]></system-out>
  </testcase>
  <testcase name="com.nirmata.workflow.WorkflowAppTest" classname="com.nirmata.workflow.WorkflowAppTest" time="4.845">
    <error message="Operation: [list]  for kind: [WorkflowTask]  with name: [null]  in namespace: [default]  failed." type="io.fabric8.kubernetes.client.KubernetesClientException">io.fabric8.kubernetes.client.KubernetesClientException: Operation: [list]  for kind: [WorkflowTask]  with name: [null]  in namespace: [default]  failed.
	at com.nirmata.workflow.WorkflowAppTest.teardown(WorkflowAppTest.java:46)
Caused by: java.net.ConnectException: Failed to connect to /127.0.0.1:60754
	at com.nirmata.workflow.WorkflowAppTest.teardown(WorkflowAppTest.java:46)
Caused by: java.net.ConnectException: Connection refused: no further information
	at com.nirmata.workflow.WorkflowAppTest.teardown(WorkflowAppTest.java:46)
</error>
  </testcase>
</testsuite>